<?xml version="1.0" encoding="UTF-8"?>
<testsuite xmlns:xsi="http://www.w3.org/2001/XMLSchema-instance" xsi:noNamespaceSchemaLocation="https://maven.apache.org/surefire/maven-surefire-plugin/xsd/surefire-test-report-3.0.xsd" version="3.0" name="TestSuite" time="42.277" tests="8" errors="0" skipped="0" failures="0">
  <properties>
    <property name="java.specification.version" value="22"/>
    <property name="sun.cpu.isalist" value="amd64"/>
    <property name="sun.jnu.encoding" value="Cp1252"/>
    <property name="java.class.path" value="C:\Users\yashwanth_makthe\Desktop\YashwanthProjects\APIHomeTask\target\test-classes;C:\Users\yashwanth_makthe\Desktop\YashwanthProjects\APIHomeTask\target\classes;C:\Users\yashwanth_makthe\.m2\repository\io\rest-assured\rest-assured\5.1.1\rest-assured-5.1.1.jar;C:\Users\yashwanth_makthe\.m2\repository\org\apache\groovy\groovy\4.0.1\groovy-4.0.1.jar;C:\Users\yashwanth_makthe\.m2\repository\org\apache\groovy\groovy-xml\4.0.1\groovy-xml-4.0.1.jar;C:\Users\yashwanth_makthe\.m2\repository\org\apache\httpcomponents\httpclient\4.5.13\httpclient-4.5.13.jar;C:\Users\yashwanth_makthe\.m2\repository\org\apache\httpcomponents\httpcore\4.4.13\httpcore-4.4.13.jar;C:\Users\yashwanth_makthe\.m2\repository\commons-logging\commons-logging\1.2\commons-logging-1.2.jar;C:\Users\yashwanth_makthe\.m2\repository\org\apache\httpcomponents\httpmime\4.5.13\httpmime-4.5.13.jar;C:\Users\yashwanth_makthe\.m2\repository\org\hamcrest\hamcrest\2.1\hamcrest-2.1.jar;C:\Users\yashwanth_makthe\.m2\repository\org\ccil\cowan\tagsoup\tagsoup\1.2.1\tagsoup-1.2.1.jar;C:\Users\yashwanth_makthe\.m2\repository\io\rest-assured\xml-path\5.1.1\xml-path-5.1.1.jar;C:\Users\yashwanth_makthe\.m2\repository\io\rest-assured\json-path\5.1.1\json-path-5.1.1.jar;C:\Users\yashwanth_makthe\.m2\repository\org\apache\groovy\groovy-json\4.0.1\groovy-json-4.0.1.jar;C:\Users\yashwanth_makthe\.m2\repository\io\rest-assured\rest-assured-common\5.1.1\rest-assured-common-5.1.1.jar;C:\Users\yashwanth_makthe\.m2\repository\org\json\json\20220320\json-20220320.jar;C:\Users\yashwanth_makthe\.m2\repository\org\testng\testng\7.6.1\testng-7.6.1.jar;C:\Users\yashwanth_makthe\.m2\repository\com\google\code\findbugs\jsr305\3.0.2\jsr305-3.0.2.jar;C:\Users\yashwanth_makthe\.m2\repository\org\slf4j\slf4j-api\1.7.36\slf4j-api-1.7.36.jar;C:\Users\yashwanth_makthe\.m2\repository\com\beust\jcommander\1.82\jcommander-1.82.jar;C:\Users\yashwanth_makthe\.m2\repository\org\webjars\jquery\3.6.0\jquery-3.6.0.jar;C:\Users\yashwanth_makthe\.m2\repository\com\github\scribejava\scribejava-apis\8.3.1\scribejava-apis-8.3.1.jar;C:\Users\yashwanth_makthe\.m2\repository\com\github\scribejava\scribejava-core\8.3.1\scribejava-core-8.3.1.jar;C:\Users\yashwanth_makthe\.m2\repository\com\github\scribejava\scribejava-java8\8.3.1\scribejava-java8-8.3.1.jar;C:\Users\yashwanth_makthe\.m2\repository\com\fasterxml\jackson\core\jackson-databind\2.12.3\jackson-databind-2.12.3.jar;C:\Users\yashwanth_makthe\.m2\repository\com\fasterxml\jackson\core\jackson-annotations\2.12.3\jackson-annotations-2.12.3.jar;C:\Users\yashwanth_makthe\.m2\repository\com\fasterxml\jackson\core\jackson-core\2.12.3\jackson-core-2.12.3.jar;C:\Users\yashwanth_makthe\.m2\repository\io\rest-assured\json-schema-validator\5.1.1\json-schema-validator-5.1.1.jar;C:\Users\yashwanth_makthe\.m2\repository\com\github\java-json-tools\json-schema-validator\2.2.14\json-schema-validator-2.2.14.jar;C:\Users\yashwanth_makthe\.m2\repository\com\google\guava\guava\28.2-android\guava-28.2-android.jar;C:\Users\yashwanth_makthe\.m2\repository\com\google\guava\failureaccess\1.0.1\failureaccess-1.0.1.jar;C:\Users\yashwanth_makthe\.m2\repository\com\google\guava\listenablefuture\9999.0-empty-to-avoid-conflict-with-guava\listenablefuture-9999.0-empty-to-avoid-conflict-with-guava.jar;C:\Users\yashwanth_makthe\.m2\repository\org\checkerframework\checker-compat-qual\2.5.5\checker-compat-qual-2.5.5.jar;C:\Users\yashwanth_makthe\.m2\repository\com\google\errorprone\error_prone_annotations\2.3.4\error_prone_annotations-2.3.4.jar;C:\Users\yashwanth_makthe\.m2\repository\com\google\j2objc\j2objc-annotations\1.3\j2objc-annotations-1.3.jar;C:\Users\yashwanth_makthe\.m2\repository\com\github\java-json-tools\jackson-coreutils-equivalence\1.0\jackson-coreutils-equivalence-1.0.jar;C:\Users\yashwanth_makthe\.m2\repository\com\github\java-json-tools\jackson-coreutils\2.0\jackson-coreutils-2.0.jar;C:\Users\yashwanth_makthe\.m2\repository\com\github\java-json-tools\msg-simple\1.2\msg-simple-1.2.jar;C:\Users\yashwanth_makthe\.m2\repository\com\github\java-json-tools\btf\1.3\btf-1.3.jar;C:\Users\yashwanth_makthe\.m2\repository\com\github\java-json-tools\json-schema-core\1.2.14\json-schema-core-1.2.14.jar;C:\Users\yashwanth_makthe\.m2\repository\com\github\java-json-tools\uri-template\0.10\uri-template-0.10.jar;C:\Users\yashwanth_makthe\.m2\repository\org\mozilla\rhino\1.7.7.2\rhino-1.7.7.2.jar;C:\Users\yashwanth_makthe\.m2\repository\com\sun\mail\mailapi\1.6.2\mailapi-1.6.2.jar;C:\Users\yashwanth_makthe\.m2\repository\joda-time\joda-time\2.10.5\joda-time-2.10.5.jar;C:\Users\yashwanth_makthe\.m2\repository\com\googlecode\libphonenumber\libphonenumber\8.11.1\libphonenumber-8.11.1.jar;C:\Users\yashwanth_makthe\.m2\repository\net\sf\jopt-simple\jopt-simple\5.0.4\jopt-simple-5.0.4.jar;C:\Users\yashwanth_makthe\.m2\repository\com\github\javafaker\javafaker\1.0.2\javafaker-1.0.2.jar;C:\Users\yashwanth_makthe\.m2\repository\org\apache\commons\commons-lang3\3.5\commons-lang3-3.5.jar;C:\Users\yashwanth_makthe\.m2\repository\org\yaml\snakeyaml\1.23\snakeyaml-1.23-android.jar;C:\Users\yashwanth_makthe\.m2\repository\com\github\mifmif\generex\1.0.2\generex-1.0.2.jar;C:\Users\yashwanth_makthe\.m2\repository\dk\brics\automaton\automaton\1.11-8\automaton-1.11-8.jar;C:\Users\yashwanth_makthe\.m2\repository\com\aventstack\extentreports\5.0.9\extentreports-5.0.9.jar;C:\Users\yashwanth_makthe\.m2\repository\io\reactivex\rxjava3\rxjava\3.0.4\rxjava-3.0.4.jar;C:\Users\yashwanth_makthe\.m2\repository\org\reactivestreams\reactive-streams\1.0.3\reactive-streams-1.0.3.jar;C:\Users\yashwanth_makthe\.m2\repository\org\freemarker\freemarker\2.3.30\freemarker-2.3.30.jar;C:\Users\yashwanth_makthe\.m2\repository\org\projectlombok\lombok\1.18.12\lombok-1.18.12.jar;C:\Users\yashwanth_makthe\.m2\repository\com\google\code\gson\gson\2.8.6\gson-2.8.6.jar;C:\Users\yashwanth_makthe\.m2\repository\org\apache\poi\poi\5.2.2\poi-5.2.2.jar;C:\Users\yashwanth_makthe\.m2\repository\commons-codec\commons-codec\1.15\commons-codec-1.15.jar;C:\Users\yashwanth_makthe\.m2\repository\org\apache\commons\commons-collections4\4.4\commons-collections4-4.4.jar;C:\Users\yashwanth_makthe\.m2\repository\org\apache\commons\commons-math3\3.6.1\commons-math3-3.6.1.jar;C:\Users\yashwanth_makthe\.m2\repository\commons-io\commons-io\2.11.0\commons-io-2.11.0.jar;C:\Users\yashwanth_makthe\.m2\repository\com\zaxxer\SparseBitSet\1.2\SparseBitSet-1.2.jar;C:\Users\yashwanth_makthe\.m2\repository\org\apache\poi\poi-ooxml\5.2.2\poi-ooxml-5.2.2.jar;C:\Users\yashwanth_makthe\.m2\repository\org\apache\poi\poi-ooxml-lite\5.2.2\poi-ooxml-lite-5.2.2.jar;C:\Users\yashwanth_makthe\.m2\repository\org\apache\xmlbeans\xmlbeans\5.0.3\xmlbeans-5.0.3.jar;C:\Users\yashwanth_makthe\.m2\repository\org\apache\commons\commons-compress\1.21\commons-compress-1.21.jar;C:\Users\yashwanth_makthe\.m2\repository\com\github\virtuald\curvesapi\1.07\curvesapi-1.07.jar;C:\Users\yashwanth_makthe\.m2\repository\org\apache\logging\log4j\log4j-api\2.18.0\log4j-api-2.18.0.jar;C:\Users\yashwanth_makthe\.m2\repository\org\apache\logging\log4j\log4j-core\2.18.0\log4j-core-2.18.0.jar;"/>
    <property name="java.vm.vendor" value="Oracle Corporation"/>
    <property name="sun.arch.data.model" value="64"/>
    <property name="user.variant" value=""/>
    <property name="java.vendor.url" value="https://java.oracle.com/"/>
    <property name="user.timezone" value="Asia/Calcutta"/>
    <property name="os.name" value="Windows 11"/>
    <property name="java.vm.specification.version" value="22"/>
    <property name="sun.java.launcher" value="SUN_STANDARD"/>
    <property name="user.country" value="IN"/>
    <property name="sun.boot.library.path" value="C:\Program Files\Java\jdk-22\bin"/>
    <property name="sun.java.command" value="C:\Users\yashwanth_makthe\AppData\Local\Temp\surefire14498732337452634625\surefirebooter-20240703214134961_3.jar C:\Users\yashwanth_makthe\AppData\Local\Temp\surefire14498732337452634625 2024-07-03T21-41-34_632-jvmRun1 surefire-20240703214134961_1tmp surefire_0-20240703214134961_2tmp"/>
    <property name="jdk.debug" value="release"/>
    <property name="surefire.test.class.path" value="C:\Users\yashwanth_makthe\Desktop\YashwanthProjects\APIHomeTask\target\test-classes;C:\Users\yashwanth_makthe\Desktop\YashwanthProjects\APIHomeTask\target\classes;C:\Users\yashwanth_makthe\.m2\repository\io\rest-assured\rest-assured\5.1.1\rest-assured-5.1.1.jar;C:\Users\yashwanth_makthe\.m2\repository\org\apache\groovy\groovy\4.0.1\groovy-4.0.1.jar;C:\Users\yashwanth_makthe\.m2\repository\org\apache\groovy\groovy-xml\4.0.1\groovy-xml-4.0.1.jar;C:\Users\yashwanth_makthe\.m2\repository\org\apache\httpcomponents\httpclient\4.5.13\httpclient-4.5.13.jar;C:\Users\yashwanth_makthe\.m2\repository\org\apache\httpcomponents\httpcore\4.4.13\httpcore-4.4.13.jar;C:\Users\yashwanth_makthe\.m2\repository\commons-logging\commons-logging\1.2\commons-logging-1.2.jar;C:\Users\yashwanth_makthe\.m2\repository\org\apache\httpcomponents\httpmime\4.5.13\httpmime-4.5.13.jar;C:\Users\yashwanth_makthe\.m2\repository\org\hamcrest\hamcrest\2.1\hamcrest-2.1.jar;C:\Users\yashwanth_makthe\.m2\repository\org\ccil\cowan\tagsoup\tagsoup\1.2.1\tagsoup-1.2.1.jar;C:\Users\yashwanth_makthe\.m2\repository\io\rest-assured\xml-path\5.1.1\xml-path-5.1.1.jar;C:\Users\yashwanth_makthe\.m2\repository\io\rest-assured\json-path\5.1.1\json-path-5.1.1.jar;C:\Users\yashwanth_makthe\.m2\repository\org\apache\groovy\groovy-json\4.0.1\groovy-json-4.0.1.jar;C:\Users\yashwanth_makthe\.m2\repository\io\rest-assured\rest-assured-common\5.1.1\rest-assured-common-5.1.1.jar;C:\Users\yashwanth_makthe\.m2\repository\org\json\json\20220320\json-20220320.jar;C:\Users\yashwanth_makthe\.m2\repository\org\testng\testng\7.6.1\testng-7.6.1.jar;C:\Users\yashwanth_makthe\.m2\repository\com\google\code\findbugs\jsr305\3.0.2\jsr305-3.0.2.jar;C:\Users\yashwanth_makthe\.m2\repository\org\slf4j\slf4j-api\1.7.36\slf4j-api-1.7.36.jar;C:\Users\yashwanth_makthe\.m2\repository\com\beust\jcommander\1.82\jcommander-1.82.jar;C:\Users\yashwanth_makthe\.m2\repository\org\webjars\jquery\3.6.0\jquery-3.6.0.jar;C:\Users\yashwanth_makthe\.m2\repository\com\github\scribejava\scribejava-apis\8.3.1\scribejava-apis-8.3.1.jar;C:\Users\yashwanth_makthe\.m2\repository\com\github\scribejava\scribejava-core\8.3.1\scribejava-core-8.3.1.jar;C:\Users\yashwanth_makthe\.m2\repository\com\github\scribejava\scribejava-java8\8.3.1\scribejava-java8-8.3.1.jar;C:\Users\yashwanth_makthe\.m2\repository\com\fasterxml\jackson\core\jackson-databind\2.12.3\jackson-databind-2.12.3.jar;C:\Users\yashwanth_makthe\.m2\repository\com\fasterxml\jackson\core\jackson-annotations\2.12.3\jackson-annotations-2.12.3.jar;C:\Users\yashwanth_makthe\.m2\repository\com\fasterxml\jackson\core\jackson-core\2.12.3\jackson-core-2.12.3.jar;C:\Users\yashwanth_makthe\.m2\repository\io\rest-assured\json-schema-validator\5.1.1\json-schema-validator-5.1.1.jar;C:\Users\yashwanth_makthe\.m2\repository\com\github\java-json-tools\json-schema-validator\2.2.14\json-schema-validator-2.2.14.jar;C:\Users\yashwanth_makthe\.m2\repository\com\google\guava\guava\28.2-android\guava-28.2-android.jar;C:\Users\yashwanth_makthe\.m2\repository\com\google\guava\failureaccess\1.0.1\failureaccess-1.0.1.jar;C:\Users\yashwanth_makthe\.m2\repository\com\google\guava\listenablefuture\9999.0-empty-to-avoid-conflict-with-guava\listenablefuture-9999.0-empty-to-avoid-conflict-with-guava.jar;C:\Users\yashwanth_makthe\.m2\repository\org\checkerframework\checker-compat-qual\2.5.5\checker-compat-qual-2.5.5.jar;C:\Users\yashwanth_makthe\.m2\repository\com\google\errorprone\error_prone_annotations\2.3.4\error_prone_annotations-2.3.4.jar;C:\Users\yashwanth_makthe\.m2\repository\com\google\j2objc\j2objc-annotations\1.3\j2objc-annotations-1.3.jar;C:\Users\yashwanth_makthe\.m2\repository\com\github\java-json-tools\jackson-coreutils-equivalence\1.0\jackson-coreutils-equivalence-1.0.jar;C:\Users\yashwanth_makthe\.m2\repository\com\github\java-json-tools\jackson-coreutils\2.0\jackson-coreutils-2.0.jar;C:\Users\yashwanth_makthe\.m2\repository\com\github\java-json-tools\msg-simple\1.2\msg-simple-1.2.jar;C:\Users\yashwanth_makthe\.m2\repository\com\github\java-json-tools\btf\1.3\btf-1.3.jar;C:\Users\yashwanth_makthe\.m2\repository\com\github\java-json-tools\json-schema-core\1.2.14\json-schema-core-1.2.14.jar;C:\Users\yashwanth_makthe\.m2\repository\com\github\java-json-tools\uri-template\0.10\uri-template-0.10.jar;C:\Users\yashwanth_makthe\.m2\repository\org\mozilla\rhino\1.7.7.2\rhino-1.7.7.2.jar;C:\Users\yashwanth_makthe\.m2\repository\com\sun\mail\mailapi\1.6.2\mailapi-1.6.2.jar;C:\Users\yashwanth_makthe\.m2\repository\joda-time\joda-time\2.10.5\joda-time-2.10.5.jar;C:\Users\yashwanth_makthe\.m2\repository\com\googlecode\libphonenumber\libphonenumber\8.11.1\libphonenumber-8.11.1.jar;C:\Users\yashwanth_makthe\.m2\repository\net\sf\jopt-simple\jopt-simple\5.0.4\jopt-simple-5.0.4.jar;C:\Users\yashwanth_makthe\.m2\repository\com\github\javafaker\javafaker\1.0.2\javafaker-1.0.2.jar;C:\Users\yashwanth_makthe\.m2\repository\org\apache\commons\commons-lang3\3.5\commons-lang3-3.5.jar;C:\Users\yashwanth_makthe\.m2\repository\org\yaml\snakeyaml\1.23\snakeyaml-1.23-android.jar;C:\Users\yashwanth_makthe\.m2\repository\com\github\mifmif\generex\1.0.2\generex-1.0.2.jar;C:\Users\yashwanth_makthe\.m2\repository\dk\brics\automaton\automaton\1.11-8\automaton-1.11-8.jar;C:\Users\yashwanth_makthe\.m2\repository\com\aventstack\extentreports\5.0.9\extentreports-5.0.9.jar;C:\Users\yashwanth_makthe\.m2\repository\io\reactivex\rxjava3\rxjava\3.0.4\rxjava-3.0.4.jar;C:\Users\yashwanth_makthe\.m2\repository\org\reactivestreams\reactive-streams\1.0.3\reactive-streams-1.0.3.jar;C:\Users\yashwanth_makthe\.m2\repository\org\freemarker\freemarker\2.3.30\freemarker-2.3.30.jar;C:\Users\yashwanth_makthe\.m2\repository\org\projectlombok\lombok\1.18.12\lombok-1.18.12.jar;C:\Users\yashwanth_makthe\.m2\repository\com\google\code\gson\gson\2.8.6\gson-2.8.6.jar;C:\Users\yashwanth_makthe\.m2\repository\org\apache\poi\poi\5.2.2\poi-5.2.2.jar;C:\Users\yashwanth_makthe\.m2\repository\commons-codec\commons-codec\1.15\commons-codec-1.15.jar;C:\Users\yashwanth_makthe\.m2\repository\org\apache\commons\commons-collections4\4.4\commons-collections4-4.4.jar;C:\Users\yashwanth_makthe\.m2\repository\org\apache\commons\commons-math3\3.6.1\commons-math3-3.6.1.jar;C:\Users\yashwanth_makthe\.m2\repository\commons-io\commons-io\2.11.0\commons-io-2.11.0.jar;C:\Users\yashwanth_makthe\.m2\repository\com\zaxxer\SparseBitSet\1.2\SparseBitSet-1.2.jar;C:\Users\yashwanth_makthe\.m2\repository\org\apache\poi\poi-ooxml\5.2.2\poi-ooxml-5.2.2.jar;C:\Users\yashwanth_makthe\.m2\repository\org\apache\poi\poi-ooxml-lite\5.2.2\poi-ooxml-lite-5.2.2.jar;C:\Users\yashwanth_makthe\.m2\repository\org\apache\xmlbeans\xmlbeans\5.0.3\xmlbeans-5.0.3.jar;C:\Users\yashwanth_makthe\.m2\repository\org\apache\commons\commons-compress\1.21\commons-compress-1.21.jar;C:\Users\yashwanth_makthe\.m2\repository\com\github\virtuald\curvesapi\1.07\curvesapi-1.07.jar;C:\Users\yashwanth_makthe\.m2\repository\org\apache\logging\log4j\log4j-api\2.18.0\log4j-api-2.18.0.jar;C:\Users\yashwanth_makthe\.m2\repository\org\apache\logging\log4j\log4j-core\2.18.0\log4j-core-2.18.0.jar;"/>
    <property name="sun.cpu.endian" value="little"/>
    <property name="user.home" value="C:\Users\yashwanth_makthe"/>
    <property name="user.language" value="en"/>
    <property name="java.specification.vendor" value="Oracle Corporation"/>
    <property name="java.version.date" value="2024-04-16"/>
    <property name="java.home" value="C:\Program Files\Java\jdk-22"/>
    <property name="file.separator" value="\"/>
    <property name="basedir" value="C:\Users\yashwanth_makthe\Desktop\YashwanthProjects\APIHomeTask"/>
    <property name="java.vm.compressedOopsMode" value="Zero based"/>
    <property name="line.separator" value="&#10;"/>
    <property name="java.vm.specification.vendor" value="Oracle Corporation"/>
    <property name="java.specification.name" value="Java Platform API Specification"/>
    <property name="surefire.real.class.path" value="C:\Users\yashwanth_makthe\AppData\Local\Temp\surefire14498732337452634625\surefirebooter-20240703214134961_3.jar"/>
    <property name="user.script" value=""/>
    <property name="sun.management.compiler" value="HotSpot 64-Bit Tiered Compilers"/>
    <property name="java.runtime.version" value="22.0.1+8-16"/>
    <property name="user.name" value="yashwanth_makthe"/>
    <property name="stdout.encoding" value="Cp1252"/>
    <property name="path.separator" value=";"/>
    <property name="os.version" value="10.0"/>
    <property name="java.runtime.name" value="Java(TM) SE Runtime Environment"/>
    <property name="file.encoding" value="UTF-8"/>
    <property name="java.vm.name" value="Java HotSpot(TM) 64-Bit Server VM"/>
    <property name="localRepository" value="C:\Users\yashwanth_makthe\.m2\repository"/>
    <property name="java.vendor.url.bug" value="https://bugreport.java.com/bugreport/"/>
    <property name="java.io.tmpdir" value="C:\Users\YASHWA~1\AppData\Local\Temp\"/>
    <property name="java.version" value="22.0.1"/>
    <property name="user.dir" value="C:\Users\yashwanth_makthe\Desktop\YashwanthProjects\APIHomeTask"/>
    <property name="os.arch" value="amd64"/>
    <property name="java.vm.specification.name" value="Java Virtual Machine Specification"/>
    <property name="sun.os.patch.level" value=""/>
    <property name="native.encoding" value="Cp1252"/>
    <property name="java.library.path" value="C:\Program Files\Java\jdk-22\bin;C:\windows\Sun\Java\bin;C:\windows\system32;C:\windows;C:\Program Files\Common Files\Oracle\Java\javapath;C:\windows\system32;C:\windows;C:\windows\System32\Wbem;C:\windows\System32\WindowsPowerShell\v1.0\;C:\windows\System32\OpenSSH\;C:\Program Files\Git\cmd;C:\Program Files\apache-maven-3.9.7\bin;C:\Program Files\nodejs\;C:\Users\yashwanth_makthe\AppData\Local\Microsoft\WindowsApps;C:\Users\yashwanth_makthe\AppData\Roaming\npm;."/>
    <property name="java.vm.info" value="mixed mode, sharing"/>
    <property name="stderr.encoding" value="Cp1252"/>
    <property name="java.vendor" value="Oracle Corporation"/>
    <property name="java.vm.version" value="22.0.1+8-16"/>
    <property name="sun.io.unicode.encoding" value="UnicodeLittle"/>
    <property name="java.class.version" value="66.0"/>
  </properties>
  <testcase name="testPostPet" classname="api.test.PetTests" time="9.149">
    <system-out><![CDATA[HTTP/1.1 200 OK
Date: Wed, 03 Jul 2024 16:11:43 GMT
Content-Type: application/json
Transfer-Encoding: chunked
Connection: keep-alive
Access-Control-Allow-Origin: *
Access-Control-Allow-Methods: GET, POST, DELETE, PUT
Access-Control-Allow-Headers: Content-Type, api_key, Authorization
Server: Jetty(9.2.9.v20150224)

{
    "id": 12345,
    "category": {
        "id": 1,
        "name": "dog"
    },
    "name": "snoopie",
    "photoUrls": [
        "string"
    ],
    "tags": [
        {
            "id": 0,
            "name": "string"
        }
    ],
    "status": "pending"
}
]]></system-out>
    <system-err><![CDATA[SLF4J: Failed to load class "org.slf4j.impl.StaticLoggerBinder".
SLF4J: Defaulting to no-operation (NOP) logger implementation
SLF4J: See http://www.slf4j.org/codes.html#StaticLoggerBinder for further details.
]]></system-err>
  </testcase>
  <testcase name="testGetPetByID" classname="api.test.PetTests" time="2.746">
    <system-out><![CDATA[HTTP/1.1 200 OK
Date: Wed, 03 Jul 2024 16:11:47 GMT
Content-Type: application/json
Transfer-Encoding: chunked
Connection: keep-alive
Access-Control-Allow-Origin: *
Access-Control-Allow-Methods: GET, POST, DELETE, PUT
Access-Control-Allow-Headers: Content-Type, api_key, Authorization
Server: Jetty(9.2.9.v20150224)

{
    "id": 12345,
    "category": {
        "id": 1,
        "name": "dog"
    },
    "name": "snoopie",
    "photoUrls": [
        "string"
    ],
    "tags": [
        {
            "id": 0,
            "name": "string"
        }
    ],
    "status": "pending"
}
]]></system-out>
  </testcase>
  <testcase name="testPostUser" classname="api.test.UserTests" time="11.298">
    <system-out><![CDATA[HTTP/1.1 200 OK
Date: Wed, 03 Jul 2024 16:11:59 GMT
Content-Type: application/json
Transfer-Encoding: chunked
Connection: keep-alive
Access-Control-Allow-Origin: *
Access-Control-Allow-Methods: GET, POST, DELETE, PUT
Access-Control-Allow-Headers: Content-Type, api_key, Authorization
Server: Jetty(9.2.9.v20150224)

{
    "code": 200,
    "type": "unknown",
    "message": "247855428"
}
io.restassured.internal.RestAssuredResponseImpl@c14bbab
]]></system-out>
  </testcase>
  <testcase name="testGetUserByName" classname="api.test.UserTests" time="6.423">
    <system-out><![CDATA[HTTP/1.1 200 OK
Date: Wed, 03 Jul 2024 16:12:05 GMT
Content-Type: application/json
Transfer-Encoding: chunked
Connection: keep-alive
Access-Control-Allow-Origin: *
Access-Control-Allow-Methods: GET, POST, DELETE, PUT
Access-Control-Allow-Headers: Content-Type, api_key, Authorization
Server: Jetty(9.2.9.v20150224)

{
    "id": 247855428,
    "username": "vicky.moen",
    "firstName": "Daisy",
    "lastName": "Smitham",
    "email": "loriann.mann@example.com",
    "password": "qgkwi",
    "phone": "174.560.1981",
    "userStatus": 0
}
]]></system-out>
  </testcase>
  <testcase name="testUpdateUserByName" classname="api.test.UserTests" time="6.049">
    <system-out><![CDATA[{
    "code": 200,
    "type": "unknown",
    "message": "247855428"
}
]]></system-out>
  </testcase>
  <testcase name="testDeleteUserByName" classname="api.test.UserTests" time="1.826"/>
  <testcase name="testGetUsersTask03" classname="api.test.UserTests" time="1.027">
    <system-out><![CDATA[HTTP/1.1 200 OK
Date: Wed, 03 Jul 2024 16:12:14 GMT
Content-Type: application/json; charset=utf-8
Transfer-Encoding: chunked
Connection: keep-alive
Report-To: {"group":"heroku-nel","max_age":3600,"endpoints":[{"url":"https://nel.heroku.com/reports?ts=1711425990&sid=e11707d5-02a7-43ef-b45e-2cf4d2036f7d&s=vOJkDB2SjkDFk07r1DiLpwCSlA%2F69VhRXNeZRBwgBkk%3D"}]}
Reporting-Endpoints: heroku-nel=https://nel.heroku.com/reports?ts=1711425990&sid=e11707d5-02a7-43ef-b45e-2cf4d2036f7d&s=vOJkDB2SjkDFk07r1DiLpwCSlA%2F69VhRXNeZRBwgBkk%3D
Nel: {"report_to":"heroku-nel","max_age":3600,"success_fraction":0.005,"failure_fraction":0.05,"response_headers":["Via"]}
X-Powered-By: Express
X-Ratelimit-Limit: 1000
X-Ratelimit-Remaining: 999
X-Ratelimit-Reset: 1711426005
Vary: Origin, Accept-Encoding
Access-Control-Allow-Credentials: true
Cache-Control: max-age=43200
Pragma: no-cache
Expires: -1
X-Content-Type-Options: nosniff
Etag: W/"160d-1eMSsxeJRfnVLRBmYJSbCiJZ1qQ"
Content-Encoding: gzip
Via: 1.1 vegur
CF-Cache-Status: HIT
Age: 14307
Server: cloudflare
CF-RAY: 89d827efecac037b-CDG
alt-svc: h3=":443"; ma=86400

[
    {
        "id": 1,
        "name": "Leanne Graham",
        "username": "Bret",
        "email": "Sincere@april.biz",
        "address": {
            "street": "Kulas Light",
            "suite": "Apt. 556",
            "city": "Gwenborough",
            "zipcode": "92998-3874",
            "geo": {
                "lat": "-37.3159",
                "lng": "81.1496"
            }
        },
        "phone": "1-770-736-8031 x56442",
        "website": "hildegard.org",
        "company": {
            "name": "Romaguera-Crona",
            "catchPhrase": "Multi-layered client-server neural-net",
            "bs": "harness real-time e-markets"
        }
    },
    {
        "id": 2,
        "name": "Ervin Howell",
        "username": "Antonette",
        "email": "Shanna@melissa.tv",
        "address": {
            "street": "Victor Plains",
            "suite": "Suite 879",
            "city": "Wisokyburgh",
            "zipcode": "90566-7771",
            "geo": {
                "lat": "-43.9509",
                "lng": "-34.4618"
            }
        },
        "phone": "010-692-6593 x09125",
        "website": "anastasia.net",
        "company": {
            "name": "Deckow-Crist",
            "catchPhrase": "Proactive didactic contingency",
            "bs": "synergize scalable supply-chains"
        }
    },
    {
        "id": 3,
        "name": "Clementine Bauch",
        "username": "Samantha",
        "email": "Nathan@yesenia.net",
        "address": {
            "street": "Douglas Extension",
            "suite": "Suite 847",
            "city": "McKenziehaven",
            "zipcode": "59590-4157",
            "geo": {
                "lat": "-68.6102",
                "lng": "-47.0653"
            }
        },
        "phone": "1-463-123-4447",
        "website": "ramiro.info",
        "company": {
            "name": "Romaguera-Jacobson",
            "catchPhrase": "Face to face bifurcated interface",
            "bs": "e-enable strategic applications"
        }
    },
    {
        "id": 4,
        "name": "Patricia Lebsack",
        "username": "Karianne",
        "email": "Julianne.OConner@kory.org",
        "address": {
            "street": "Hoeger Mall",
            "suite": "Apt. 692",
            "city": "South Elvis",
            "zipcode": "53919-4257",
            "geo": {
                "lat": "29.4572",
                "lng": "-164.2990"
            }
        },
        "phone": "493-170-9623 x156",
        "website": "kale.biz",
        "company": {
            "name": "Robel-Corkery",
            "catchPhrase": "Multi-tiered zero tolerance productivity",
            "bs": "transition cutting-edge web services"
        }
    },
    {
        "id": 5,
        "name": "Chelsey Dietrich",
        "username": "Kamren",
        "email": "Lucio_Hettinger@annie.ca",
        "address": {
            "street": "Skiles Walks",
            "suite": "Suite 351",
            "city": "Roscoeview",
            "zipcode": "33263",
            "geo": {
                "lat": "-31.8129",
                "lng": "62.5342"
            }
        },
        "phone": "(254)954-1289",
        "website": "demarco.info",
        "company": {
            "name": "Keebler LLC",
            "catchPhrase": "User-centric fault-tolerant solution",
            "bs": "revolutionize end-to-end systems"
        }
    },
    {
        "id": 6,
        "name": "Mrs. Dennis Schulist",
        "username": "Leopoldo_Corkery",
        "email": "Karley_Dach@jasper.info",
        "address": {
            "street": "Norberto Crossing",
            "suite": "Apt. 950",
            "city": "South Christy",
            "zipcode": "23505-1337",
            "geo": {
                "lat": "-71.4197",
                "lng": "71.7478"
            }
        },
        "phone": "1-477-935-8478 x6430",
        "website": "ola.org",
        "company": {
            "name": "Considine-Lockman",
            "catchPhrase": "Synchronised bottom-line interface",
            "bs": "e-enable innovative applications"
        }
    },
    {
        "id": 7,
        "name": "Kurtis Weissnat",
        "username": "Elwyn.Skiles",
        "email": "Telly.Hoeger@billy.biz",
        "address": {
            "street": "Rex Trail",
            "suite": "Suite 280",
            "city": "Howemouth",
            "zipcode": "58804-1099",
            "geo": {
                "lat": "24.8918",
                "lng": "21.8984"
            }
        },
        "phone": "210.067.6132",
        "website": "elvis.io",
        "company": {
            "name": "Johns Group",
            "catchPhrase": "Configurable multimedia task-force",
            "bs": "generate enterprise e-tailers"
        }
    },
    {
        "id": 8,
        "name": "Nicholas Runolfsdottir V",
        "username": "Maxime_Nienow",
        "email": "Sherwood@rosamond.me",
        "address": {
            "street": "Ellsworth Summit",
            "suite": "Suite 729",
            "city": "Aliyaview",
            "zipcode": "45169",
            "geo": {
                "lat": "-14.3990",
                "lng": "-120.7677"
            }
        },
        "phone": "586.493.6943 x140",
        "website": "jacynthe.com",
        "company": {
            "name": "Abernathy Group",
            "catchPhrase": "Implemented secondary concept",
            "bs": "e-enable extensible e-tailers"
        }
    },
    {
        "id": 9,
        "name": "Glenna Reichert",
        "username": "Delphine",
        "email": "Chaim_McDermott@dana.io",
        "address": {
            "street": "Dayna Park",
            "suite": "Suite 449",
            "city": "Bartholomebury",
            "zipcode": "76495-3109",
            "geo": {
                "lat": "24.6463",
                "lng": "-168.8889"
            }
        },
        "phone": "(775)976-6794 x41206",
        "website": "conrad.com",
        "company": {
            "name": "Yost and Sons",
            "catchPhrase": "Switchable contextually-based project",
            "bs": "aggregate real-time technologies"
        }
    },
    {
        "id": 10,
        "name": "Clementina DuBuque",
        "username": "Moriah.Stanton",
        "email": "Rey.Padberg@karina.biz",
        "address": {
            "street": "Kattie Turnpike",
            "suite": "Suite 198",
            "city": "Lebsackbury",
            "zipcode": "31428-2261",
            "geo": {
                "lat": "-38.2386",
                "lng": "57.2232"
            }
        },
        "phone": "024-648-3804",
        "website": "ambrose.net",
        "company": {
            "name": "Hoeger LLC",
            "catchPhrase": "Centralized empowering task-force",
            "bs": "target end-to-end models"
        }
    }
]
Number of users : 10
Employee count: 10
Ervin Howell is Present in list
]]></system-out>
  </testcase>
  <testcase name="testWeatherDetailsOfHyderabad" classname="api.test.OpenWeatherMapAPI" time="1.63">
    <system-out><![CDATA[Latitude: 17.3753
Longitude: 78.4744
City Name: Hyderabad
Country: IN
Minimum Temperature: 300.88
Temperature: 301.38
]]></system-out>
  </testcase>
</testsuite>