<?xml version="1.0" encoding="UTF-8"?>
<testsuite xmlns:xsi="http://www.w3.org/2001/XMLSchema-instance" xsi:noNamespaceSchemaLocation="https://maven.apache.org/surefire/maven-surefire-plugin/xsd/surefire-test-report-3.0.xsd" version="3.0" name="TestSuite" time="12.299" tests="7" errors="0" skipped="0" failures="1">
  <properties>
    <property name="java.specification.version" value="22"/>
    <property name="sun.cpu.isalist" value="amd64"/>
    <property name="sun.jnu.encoding" value="Cp1252"/>
    <property name="java.class.path" value="C:\Users\yashwanth_makthe\Desktop\YashwanthProjects\APIHomeTask\target\test-classes;C:\Users\yashwanth_makthe\Desktop\YashwanthProjects\APIHomeTask\target\classes;C:\Users\yashwanth_makthe\.m2\repository\io\rest-assured\rest-assured\5.1.1\rest-assured-5.1.1.jar;C:\Users\yashwanth_makthe\.m2\repository\org\apache\groovy\groovy\4.0.1\groovy-4.0.1.jar;C:\Users\yashwanth_makthe\.m2\repository\org\apache\groovy\groovy-xml\4.0.1\groovy-xml-4.0.1.jar;C:\Users\yashwanth_makthe\.m2\repository\org\apache\httpcomponents\httpclient\4.5.13\httpclient-4.5.13.jar;C:\Users\yashwanth_makthe\.m2\repository\org\apache\httpcomponents\httpcore\4.4.13\httpcore-4.4.13.jar;C:\Users\yashwanth_makthe\.m2\repository\commons-logging\commons-logging\1.2\commons-logging-1.2.jar;C:\Users\yashwanth_makthe\.m2\repository\org\apache\httpcomponents\httpmime\4.5.13\httpmime-4.5.13.jar;C:\Users\yashwanth_makthe\.m2\repository\org\hamcrest\hamcrest\2.1\hamcrest-2.1.jar;C:\Users\yashwanth_makthe\.m2\repository\org\ccil\cowan\tagsoup\tagsoup\1.2.1\tagsoup-1.2.1.jar;C:\Users\yashwanth_makthe\.m2\repository\io\rest-assured\xml-path\5.1.1\xml-path-5.1.1.jar;C:\Users\yashwanth_makthe\.m2\repository\io\rest-assured\json-path\5.1.1\json-path-5.1.1.jar;C:\Users\yashwanth_makthe\.m2\repository\org\apache\groovy\groovy-json\4.0.1\groovy-json-4.0.1.jar;C:\Users\yashwanth_makthe\.m2\repository\io\rest-assured\rest-assured-common\5.1.1\rest-assured-common-5.1.1.jar;C:\Users\yashwanth_makthe\.m2\repository\org\json\json\20220320\json-20220320.jar;C:\Users\yashwanth_makthe\.m2\repository\org\testng\testng\7.6.1\testng-7.6.1.jar;C:\Users\yashwanth_makthe\.m2\repository\com\google\code\findbugs\jsr305\3.0.2\jsr305-3.0.2.jar;C:\Users\yashwanth_makthe\.m2\repository\org\slf4j\slf4j-api\1.7.36\slf4j-api-1.7.36.jar;C:\Users\yashwanth_makthe\.m2\repository\com\beust\jcommander\1.82\jcommander-1.82.jar;C:\Users\yashwanth_makthe\.m2\repository\org\webjars\jquery\3.6.0\jquery-3.6.0.jar;C:\Users\yashwanth_makthe\.m2\repository\com\github\scribejava\scribejava-apis\8.3.1\scribejava-apis-8.3.1.jar;C:\Users\yashwanth_makthe\.m2\repository\com\github\scribejava\scribejava-core\8.3.1\scribejava-core-8.3.1.jar;C:\Users\yashwanth_makthe\.m2\repository\com\github\scribejava\scribejava-java8\8.3.1\scribejava-java8-8.3.1.jar;C:\Users\yashwanth_makthe\.m2\repository\com\fasterxml\jackson\core\jackson-databind\2.12.3\jackson-databind-2.12.3.jar;C:\Users\yashwanth_makthe\.m2\repository\com\fasterxml\jackson\core\jackson-annotations\2.12.3\jackson-annotations-2.12.3.jar;C:\Users\yashwanth_makthe\.m2\repository\com\fasterxml\jackson\core\jackson-core\2.12.3\jackson-core-2.12.3.jar;C:\Users\yashwanth_makthe\.m2\repository\io\rest-assured\json-schema-validator\5.1.1\json-schema-validator-5.1.1.jar;C:\Users\yashwanth_makthe\.m2\repository\com\github\java-json-tools\json-schema-validator\2.2.14\json-schema-validator-2.2.14.jar;C:\Users\yashwanth_makthe\.m2\repository\com\google\guava\guava\28.2-android\guava-28.2-android.jar;C:\Users\yashwanth_makthe\.m2\repository\com\google\guava\failureaccess\1.0.1\failureaccess-1.0.1.jar;C:\Users\yashwanth_makthe\.m2\repository\com\google\guava\listenablefuture\9999.0-empty-to-avoid-conflict-with-guava\listenablefuture-9999.0-empty-to-avoid-conflict-with-guava.jar;C:\Users\yashwanth_makthe\.m2\repository\org\checkerframework\checker-compat-qual\2.5.5\checker-compat-qual-2.5.5.jar;C:\Users\yashwanth_makthe\.m2\repository\com\google\errorprone\error_prone_annotations\2.3.4\error_prone_annotations-2.3.4.jar;C:\Users\yashwanth_makthe\.m2\repository\com\google\j2objc\j2objc-annotations\1.3\j2objc-annotations-1.3.jar;C:\Users\yashwanth_makthe\.m2\repository\com\github\java-json-tools\jackson-coreutils-equivalence\1.0\jackson-coreutils-equivalence-1.0.jar;C:\Users\yashwanth_makthe\.m2\repository\com\github\java-json-tools\jackson-coreutils\2.0\jackson-coreutils-2.0.jar;C:\Users\yashwanth_makthe\.m2\repository\com\github\java-json-tools\msg-simple\1.2\msg-simple-1.2.jar;C:\Users\yashwanth_makthe\.m2\repository\com\github\java-json-tools\btf\1.3\btf-1.3.jar;C:\Users\yashwanth_makthe\.m2\repository\com\github\java-json-tools\json-schema-core\1.2.14\json-schema-core-1.2.14.jar;C:\Users\yashwanth_makthe\.m2\repository\com\github\java-json-tools\uri-template\0.10\uri-template-0.10.jar;C:\Users\yashwanth_makthe\.m2\repository\org\mozilla\rhino\1.7.7.2\rhino-1.7.7.2.jar;C:\Users\yashwanth_makthe\.m2\repository\com\sun\mail\mailapi\1.6.2\mailapi-1.6.2.jar;C:\Users\yashwanth_makthe\.m2\repository\joda-time\joda-time\2.10.5\joda-time-2.10.5.jar;C:\Users\yashwanth_makthe\.m2\repository\com\googlecode\libphonenumber\libphonenumber\8.11.1\libphonenumber-8.11.1.jar;C:\Users\yashwanth_makthe\.m2\repository\net\sf\jopt-simple\jopt-simple\5.0.4\jopt-simple-5.0.4.jar;C:\Users\yashwanth_makthe\.m2\repository\com\github\javafaker\javafaker\1.0.2\javafaker-1.0.2.jar;C:\Users\yashwanth_makthe\.m2\repository\org\apache\commons\commons-lang3\3.5\commons-lang3-3.5.jar;C:\Users\yashwanth_makthe\.m2\repository\org\yaml\snakeyaml\1.23\snakeyaml-1.23-android.jar;C:\Users\yashwanth_makthe\.m2\repository\com\github\mifmif\generex\1.0.2\generex-1.0.2.jar;C:\Users\yashwanth_makthe\.m2\repository\dk\brics\automaton\automaton\1.11-8\automaton-1.11-8.jar;C:\Users\yashwanth_makthe\.m2\repository\com\aventstack\extentreports\5.0.9\extentreports-5.0.9.jar;C:\Users\yashwanth_makthe\.m2\repository\io\reactivex\rxjava3\rxjava\3.0.4\rxjava-3.0.4.jar;C:\Users\yashwanth_makthe\.m2\repository\org\reactivestreams\reactive-streams\1.0.3\reactive-streams-1.0.3.jar;C:\Users\yashwanth_makthe\.m2\repository\org\freemarker\freemarker\2.3.30\freemarker-2.3.30.jar;C:\Users\yashwanth_makthe\.m2\repository\org\projectlombok\lombok\1.18.12\lombok-1.18.12.jar;C:\Users\yashwanth_makthe\.m2\repository\com\google\code\gson\gson\2.8.6\gson-2.8.6.jar;C:\Users\yashwanth_makthe\.m2\repository\org\apache\poi\poi\5.2.2\poi-5.2.2.jar;C:\Users\yashwanth_makthe\.m2\repository\commons-codec\commons-codec\1.15\commons-codec-1.15.jar;C:\Users\yashwanth_makthe\.m2\repository\org\apache\commons\commons-collections4\4.4\commons-collections4-4.4.jar;C:\Users\yashwanth_makthe\.m2\repository\org\apache\commons\commons-math3\3.6.1\commons-math3-3.6.1.jar;C:\Users\yashwanth_makthe\.m2\repository\commons-io\commons-io\2.11.0\commons-io-2.11.0.jar;C:\Users\yashwanth_makthe\.m2\repository\com\zaxxer\SparseBitSet\1.2\SparseBitSet-1.2.jar;C:\Users\yashwanth_makthe\.m2\repository\org\apache\poi\poi-ooxml\5.2.2\poi-ooxml-5.2.2.jar;C:\Users\yashwanth_makthe\.m2\repository\org\apache\poi\poi-ooxml-lite\5.2.2\poi-ooxml-lite-5.2.2.jar;C:\Users\yashwanth_makthe\.m2\repository\org\apache\xmlbeans\xmlbeans\5.0.3\xmlbeans-5.0.3.jar;C:\Users\yashwanth_makthe\.m2\repository\org\apache\commons\commons-compress\1.21\commons-compress-1.21.jar;C:\Users\yashwanth_makthe\.m2\repository\com\github\virtuald\curvesapi\1.07\curvesapi-1.07.jar;C:\Users\yashwanth_makthe\.m2\repository\org\apache\logging\log4j\log4j-api\2.18.0\log4j-api-2.18.0.jar;C:\Users\yashwanth_makthe\.m2\repository\org\apache\logging\log4j\log4j-core\2.18.0\log4j-core-2.18.0.jar;"/>
    <property name="java.vm.vendor" value="Oracle Corporation"/>
    <property name="sun.arch.data.model" value="64"/>
    <property name="user.variant" value=""/>
    <property name="java.vendor.url" value="https://java.oracle.com/"/>
    <property name="user.timezone" value="Asia/Calcutta"/>
    <property name="os.name" value="Windows 11"/>
    <property name="java.vm.specification.version" value="22"/>
    <property name="sun.java.launcher" value="SUN_STANDARD"/>
    <property name="user.country" value="IN"/>
    <property name="sun.boot.library.path" value="C:\Program Files\Java\jdk-22\bin"/>
    <property name="sun.java.command" value="C:\Users\yashwanth_makthe\AppData\Local\Temp\surefire8550575804289696285\surefirebooter-20240703152941824_3.jar C:\Users\yashwanth_makthe\AppData\Local\Temp\surefire8550575804289696285 2024-07-03T15-29-41_564-jvmRun1 surefire-20240703152941824_1tmp surefire_0-20240703152941824_2tmp"/>
    <property name="jdk.debug" value="release"/>
    <property name="surefire.test.class.path" value="C:\Users\yashwanth_makthe\Desktop\YashwanthProjects\APIHomeTask\target\test-classes;C:\Users\yashwanth_makthe\Desktop\YashwanthProjects\APIHomeTask\target\classes;C:\Users\yashwanth_makthe\.m2\repository\io\rest-assured\rest-assured\5.1.1\rest-assured-5.1.1.jar;C:\Users\yashwanth_makthe\.m2\repository\org\apache\groovy\groovy\4.0.1\groovy-4.0.1.jar;C:\Users\yashwanth_makthe\.m2\repository\org\apache\groovy\groovy-xml\4.0.1\groovy-xml-4.0.1.jar;C:\Users\yashwanth_makthe\.m2\repository\org\apache\httpcomponents\httpclient\4.5.13\httpclient-4.5.13.jar;C:\Users\yashwanth_makthe\.m2\repository\org\apache\httpcomponents\httpcore\4.4.13\httpcore-4.4.13.jar;C:\Users\yashwanth_makthe\.m2\repository\commons-logging\commons-logging\1.2\commons-logging-1.2.jar;C:\Users\yashwanth_makthe\.m2\repository\org\apache\httpcomponents\httpmime\4.5.13\httpmime-4.5.13.jar;C:\Users\yashwanth_makthe\.m2\repository\org\hamcrest\hamcrest\2.1\hamcrest-2.1.jar;C:\Users\yashwanth_makthe\.m2\repository\org\ccil\cowan\tagsoup\tagsoup\1.2.1\tagsoup-1.2.1.jar;C:\Users\yashwanth_makthe\.m2\repository\io\rest-assured\xml-path\5.1.1\xml-path-5.1.1.jar;C:\Users\yashwanth_makthe\.m2\repository\io\rest-assured\json-path\5.1.1\json-path-5.1.1.jar;C:\Users\yashwanth_makthe\.m2\repository\org\apache\groovy\groovy-json\4.0.1\groovy-json-4.0.1.jar;C:\Users\yashwanth_makthe\.m2\repository\io\rest-assured\rest-assured-common\5.1.1\rest-assured-common-5.1.1.jar;C:\Users\yashwanth_makthe\.m2\repository\org\json\json\20220320\json-20220320.jar;C:\Users\yashwanth_makthe\.m2\repository\org\testng\testng\7.6.1\testng-7.6.1.jar;C:\Users\yashwanth_makthe\.m2\repository\com\google\code\findbugs\jsr305\3.0.2\jsr305-3.0.2.jar;C:\Users\yashwanth_makthe\.m2\repository\org\slf4j\slf4j-api\1.7.36\slf4j-api-1.7.36.jar;C:\Users\yashwanth_makthe\.m2\repository\com\beust\jcommander\1.82\jcommander-1.82.jar;C:\Users\yashwanth_makthe\.m2\repository\org\webjars\jquery\3.6.0\jquery-3.6.0.jar;C:\Users\yashwanth_makthe\.m2\repository\com\github\scribejava\scribejava-apis\8.3.1\scribejava-apis-8.3.1.jar;C:\Users\yashwanth_makthe\.m2\repository\com\github\scribejava\scribejava-core\8.3.1\scribejava-core-8.3.1.jar;C:\Users\yashwanth_makthe\.m2\repository\com\github\scribejava\scribejava-java8\8.3.1\scribejava-java8-8.3.1.jar;C:\Users\yashwanth_makthe\.m2\repository\com\fasterxml\jackson\core\jackson-databind\2.12.3\jackson-databind-2.12.3.jar;C:\Users\yashwanth_makthe\.m2\repository\com\fasterxml\jackson\core\jackson-annotations\2.12.3\jackson-annotations-2.12.3.jar;C:\Users\yashwanth_makthe\.m2\repository\com\fasterxml\jackson\core\jackson-core\2.12.3\jackson-core-2.12.3.jar;C:\Users\yashwanth_makthe\.m2\repository\io\rest-assured\json-schema-validator\5.1.1\json-schema-validator-5.1.1.jar;C:\Users\yashwanth_makthe\.m2\repository\com\github\java-json-tools\json-schema-validator\2.2.14\json-schema-validator-2.2.14.jar;C:\Users\yashwanth_makthe\.m2\repository\com\google\guava\guava\28.2-android\guava-28.2-android.jar;C:\Users\yashwanth_makthe\.m2\repository\com\google\guava\failureaccess\1.0.1\failureaccess-1.0.1.jar;C:\Users\yashwanth_makthe\.m2\repository\com\google\guava\listenablefuture\9999.0-empty-to-avoid-conflict-with-guava\listenablefuture-9999.0-empty-to-avoid-conflict-with-guava.jar;C:\Users\yashwanth_makthe\.m2\repository\org\checkerframework\checker-compat-qual\2.5.5\checker-compat-qual-2.5.5.jar;C:\Users\yashwanth_makthe\.m2\repository\com\google\errorprone\error_prone_annotations\2.3.4\error_prone_annotations-2.3.4.jar;C:\Users\yashwanth_makthe\.m2\repository\com\google\j2objc\j2objc-annotations\1.3\j2objc-annotations-1.3.jar;C:\Users\yashwanth_makthe\.m2\repository\com\github\java-json-tools\jackson-coreutils-equivalence\1.0\jackson-coreutils-equivalence-1.0.jar;C:\Users\yashwanth_makthe\.m2\repository\com\github\java-json-tools\jackson-coreutils\2.0\jackson-coreutils-2.0.jar;C:\Users\yashwanth_makthe\.m2\repository\com\github\java-json-tools\msg-simple\1.2\msg-simple-1.2.jar;C:\Users\yashwanth_makthe\.m2\repository\com\github\java-json-tools\btf\1.3\btf-1.3.jar;C:\Users\yashwanth_makthe\.m2\repository\com\github\java-json-tools\json-schema-core\1.2.14\json-schema-core-1.2.14.jar;C:\Users\yashwanth_makthe\.m2\repository\com\github\java-json-tools\uri-template\0.10\uri-template-0.10.jar;C:\Users\yashwanth_makthe\.m2\repository\org\mozilla\rhino\1.7.7.2\rhino-1.7.7.2.jar;C:\Users\yashwanth_makthe\.m2\repository\com\sun\mail\mailapi\1.6.2\mailapi-1.6.2.jar;C:\Users\yashwanth_makthe\.m2\repository\joda-time\joda-time\2.10.5\joda-time-2.10.5.jar;C:\Users\yashwanth_makthe\.m2\repository\com\googlecode\libphonenumber\libphonenumber\8.11.1\libphonenumber-8.11.1.jar;C:\Users\yashwanth_makthe\.m2\repository\net\sf\jopt-simple\jopt-simple\5.0.4\jopt-simple-5.0.4.jar;C:\Users\yashwanth_makthe\.m2\repository\com\github\javafaker\javafaker\1.0.2\javafaker-1.0.2.jar;C:\Users\yashwanth_makthe\.m2\repository\org\apache\commons\commons-lang3\3.5\commons-lang3-3.5.jar;C:\Users\yashwanth_makthe\.m2\repository\org\yaml\snakeyaml\1.23\snakeyaml-1.23-android.jar;C:\Users\yashwanth_makthe\.m2\repository\com\github\mifmif\generex\1.0.2\generex-1.0.2.jar;C:\Users\yashwanth_makthe\.m2\repository\dk\brics\automaton\automaton\1.11-8\automaton-1.11-8.jar;C:\Users\yashwanth_makthe\.m2\repository\com\aventstack\extentreports\5.0.9\extentreports-5.0.9.jar;C:\Users\yashwanth_makthe\.m2\repository\io\reactivex\rxjava3\rxjava\3.0.4\rxjava-3.0.4.jar;C:\Users\yashwanth_makthe\.m2\repository\org\reactivestreams\reactive-streams\1.0.3\reactive-streams-1.0.3.jar;C:\Users\yashwanth_makthe\.m2\repository\org\freemarker\freemarker\2.3.30\freemarker-2.3.30.jar;C:\Users\yashwanth_makthe\.m2\repository\org\projectlombok\lombok\1.18.12\lombok-1.18.12.jar;C:\Users\yashwanth_makthe\.m2\repository\com\google\code\gson\gson\2.8.6\gson-2.8.6.jar;C:\Users\yashwanth_makthe\.m2\repository\org\apache\poi\poi\5.2.2\poi-5.2.2.jar;C:\Users\yashwanth_makthe\.m2\repository\commons-codec\commons-codec\1.15\commons-codec-1.15.jar;C:\Users\yashwanth_makthe\.m2\repository\org\apache\commons\commons-collections4\4.4\commons-collections4-4.4.jar;C:\Users\yashwanth_makthe\.m2\repository\org\apache\commons\commons-math3\3.6.1\commons-math3-3.6.1.jar;C:\Users\yashwanth_makthe\.m2\repository\commons-io\commons-io\2.11.0\commons-io-2.11.0.jar;C:\Users\yashwanth_makthe\.m2\repository\com\zaxxer\SparseBitSet\1.2\SparseBitSet-1.2.jar;C:\Users\yashwanth_makthe\.m2\repository\org\apache\poi\poi-ooxml\5.2.2\poi-ooxml-5.2.2.jar;C:\Users\yashwanth_makthe\.m2\repository\org\apache\poi\poi-ooxml-lite\5.2.2\poi-ooxml-lite-5.2.2.jar;C:\Users\yashwanth_makthe\.m2\repository\org\apache\xmlbeans\xmlbeans\5.0.3\xmlbeans-5.0.3.jar;C:\Users\yashwanth_makthe\.m2\repository\org\apache\commons\commons-compress\1.21\commons-compress-1.21.jar;C:\Users\yashwanth_makthe\.m2\repository\com\github\virtuald\curvesapi\1.07\curvesapi-1.07.jar;C:\Users\yashwanth_makthe\.m2\repository\org\apache\logging\log4j\log4j-api\2.18.0\log4j-api-2.18.0.jar;C:\Users\yashwanth_makthe\.m2\repository\org\apache\logging\log4j\log4j-core\2.18.0\log4j-core-2.18.0.jar;"/>
    <property name="sun.cpu.endian" value="little"/>
    <property name="user.home" value="C:\Users\yashwanth_makthe"/>
    <property name="user.language" value="en"/>
    <property name="java.specification.vendor" value="Oracle Corporation"/>
    <property name="java.version.date" value="2024-04-16"/>
    <property name="java.home" value="C:\Program Files\Java\jdk-22"/>
    <property name="file.separator" value="\"/>
    <property name="basedir" value="C:\Users\yashwanth_makthe\Desktop\YashwanthProjects\APIHomeTask"/>
    <property name="java.vm.compressedOopsMode" value="Zero based"/>
    <property name="line.separator" value="&#10;"/>
    <property name="java.vm.specification.vendor" value="Oracle Corporation"/>
    <property name="java.specification.name" value="Java Platform API Specification"/>
    <property name="surefire.real.class.path" value="C:\Users\yashwanth_makthe\AppData\Local\Temp\surefire8550575804289696285\surefirebooter-20240703152941824_3.jar"/>
    <property name="user.script" value=""/>
    <property name="sun.management.compiler" value="HotSpot 64-Bit Tiered Compilers"/>
    <property name="java.runtime.version" value="22.0.1+8-16"/>
    <property name="user.name" value="yashwanth_makthe"/>
    <property name="stdout.encoding" value="Cp1252"/>
    <property name="path.separator" value=";"/>
    <property name="os.version" value="10.0"/>
    <property name="java.runtime.name" value="Java(TM) SE Runtime Environment"/>
    <property name="file.encoding" value="UTF-8"/>
    <property name="java.vm.name" value="Java HotSpot(TM) 64-Bit Server VM"/>
    <property name="localRepository" value="C:\Users\yashwanth_makthe\.m2\repository"/>
    <property name="java.vendor.url.bug" value="https://bugreport.java.com/bugreport/"/>
    <property name="java.io.tmpdir" value="C:\Users\YASHWA~1\AppData\Local\Temp\"/>
    <property name="java.version" value="22.0.1"/>
    <property name="user.dir" value="C:\Users\yashwanth_makthe\Desktop\YashwanthProjects\APIHomeTask"/>
    <property name="os.arch" value="amd64"/>
    <property name="java.vm.specification.name" value="Java Virtual Machine Specification"/>
    <property name="sun.os.patch.level" value=""/>
    <property name="native.encoding" value="Cp1252"/>
    <property name="java.library.path" value="C:\Program Files\Java\jdk-22\bin;C:\windows\Sun\Java\bin;C:\windows\system32;C:\windows;C:\Program Files\Common Files\Oracle\Java\javapath;C:\windows\system32;C:\windows;C:\windows\System32\Wbem;C:\windows\System32\WindowsPowerShell\v1.0\;C:\windows\System32\OpenSSH\;C:\Program Files\Git\cmd;C:\Program Files\apache-maven-3.9.7\bin;C:\Program Files\nodejs\;C:\Users\yashwanth_makthe\AppData\Local\Microsoft\WindowsApps;C:\Users\yashwanth_makthe\AppData\Roaming\npm;."/>
    <property name="java.vm.info" value="mixed mode, sharing"/>
    <property name="stderr.encoding" value="Cp1252"/>
    <property name="java.vendor" value="Oracle Corporation"/>
    <property name="java.vm.version" value="22.0.1+8-16"/>
    <property name="sun.io.unicode.encoding" value="UnicodeLittle"/>
    <property name="java.class.version" value="66.0"/>
  </properties>
  <testcase name="testPostUser" classname="api.test.UserTests" time="2.716">
    <system-out><![CDATA[HTTP/1.1 200 OK
Date: Wed, 03 Jul 2024 09:59:45 GMT
Content-Type: application/json
Transfer-Encoding: chunked
Connection: keep-alive
Access-Control-Allow-Origin: *
Access-Control-Allow-Methods: GET, POST, DELETE, PUT
Access-Control-Allow-Headers: Content-Type, api_key, Authorization
Server: Jetty(9.2.9.v20150224)

{
    "code": 200,
    "type": "unknown",
    "message": "1324843695"
}
io.restassured.internal.RestAssuredResponseImpl@19d9ba89
]]></system-out>
    <system-err><![CDATA[SLF4J: Failed to load class "org.slf4j.impl.StaticLoggerBinder".
SLF4J: Defaulting to no-operation (NOP) logger implementation
SLF4J: See http://www.slf4j.org/codes.html#StaticLoggerBinder for further details.
]]></system-err>
  </testcase>
  <testcase name="testGetUserByName" classname="api.test.UserTests" time="1.211">
    <system-out><![CDATA[HTTP/1.1 200 OK
Date: Wed, 03 Jul 2024 09:59:46 GMT
Content-Type: application/json
Transfer-Encoding: chunked
Connection: keep-alive
Access-Control-Allow-Origin: *
Access-Control-Allow-Methods: GET, POST, DELETE, PUT
Access-Control-Allow-Headers: Content-Type, api_key, Authorization
Server: Jetty(9.2.9.v20150224)

{
    "id": 1324843695,
    "username": "octavio.howell",
    "firstName": "Alonso",
    "lastName": "Mohr",
    "email": "enoch.beahan@example.com",
    "password": "mkto5",
    "phone": "1-372-610-0383",
    "userStatus": 0
}
]]></system-out>
  </testcase>
  <testcase name="testUpdateUserByName" classname="api.test.UserTests" time="2.446">
    <system-out><![CDATA[{
    "code": 200,
    "type": "unknown",
    "message": "1324843695"
}
]]></system-out>
  </testcase>
  <testcase name="testDeleteUserByName" classname="api.test.UserTests" time="1.197"/>
  <testcase name="testWeatherDetailsOfHyderabad" classname="api.test.OpenWeatherMapAPI" time="1.275">
    <system-out><![CDATA[Latitude: 17.3753
Longitude: 78.4744
City Name: Hyderabad
Country: IN
Minimum Temperature: 303.38
Temperature: 303.38
]]></system-out>
  </testcase>
  <testcase name="testGetEmployees" classname="api.test.EmployeeTest" time="1.045">
    <system-out><![CDATA[HTTP/1.1 200 OK
Date: Wed, 03 Jul 2024 09:59:52 GMT
Server: nginx/1.21.6
Content-Type: application/json
Content-Length: 636
Cache-Control: no-cache, private
X-RateLimit-Limit: 60
X-RateLimit-Remaining: 58
Cache-Control: max-age=86400
Expires: Thu, 04 Jul 2024 09:59:52 GMT
Vary: Accept-Encoding
Content-Encoding: gzip
X-Endurance-Cache-Level: 2
X-nginx-cache: WordPress
X-Server-Cache: true
X-Proxy-Cache: MISS

{
    "status": "success",
    "data": [
        {
            "id": 1,
            "employee_name": "Tiger Nixon",
            "employee_salary": 320800,
            "employee_age": 61,
            "profile_image": ""
        },
        {
            "id": 2,
            "employee_name": "Garrett Winters",
            "employee_salary": 170750,
            "employee_age": 63,
            "profile_image": ""
        },
        {
            "id": 3,
            "employee_name": "Ashton Cox",
            "employee_salary": 86000,
            "employee_age": 66,
            "profile_image": ""
        },
        {
            "id": 4,
            "employee_name": "Cedric Kelly",
            "employee_salary": 433060,
            "employee_age": 22,
            "profile_image": ""
        },
        {
            "id": 5,
            "employee_name": "Airi Satou",
            "employee_salary": 162700,
            "employee_age": 33,
            "profile_image": ""
        },
        {
            "id": 6,
            "employee_name": "Brielle Williamson",
            "employee_salary": 372000,
            "employee_age": 61,
            "profile_image": ""
        },
        {
            "id": 7,
            "employee_name": "Herrod Chandler",
            "employee_salary": 137500,
            "employee_age": 59,
            "profile_image": ""
        },
        {
            "id": 8,
            "employee_name": "Rhona Davidson",
            "employee_salary": 327900,
            "employee_age": 55,
            "profile_image": ""
        },
        {
            "id": 9,
            "employee_name": "Colleen Hurst",
            "employee_salary": 205500,
            "employee_age": 39,
            "profile_image": ""
        },
        {
            "id": 10,
            "employee_name": "Sonya Frost",
            "employee_salary": 103600,
            "employee_age": 23,
            "profile_image": ""
        },
        {
            "id": 11,
            "employee_name": "Jena Gaines",
            "employee_salary": 90560,
            "employee_age": 30,
            "profile_image": ""
        },
        {
            "id": 12,
            "employee_name": "Quinn Flynn",
            "employee_salary": 342000,
            "employee_age": 22,
            "profile_image": ""
        },
        {
            "id": 13,
            "employee_name": "Charde Marshall",
            "employee_salary": 470600,
            "employee_age": 36,
            "profile_image": ""
        },
        {
            "id": 14,
            "employee_name": "Haley Kennedy",
            "employee_salary": 313500,
            "employee_age": 43,
            "profile_image": ""
        },
        {
            "id": 15,
            "employee_name": "Tatyana Fitzpatrick",
            "employee_salary": 385750,
            "employee_age": 19,
            "profile_image": ""
        },
        {
            "id": 16,
            "employee_name": "Michael Silva",
            "employee_salary": 198500,
            "employee_age": 66,
            "profile_image": ""
        },
        {
            "id": 17,
            "employee_name": "Paul Byrd",
            "employee_salary": 725000,
            "employee_age": 64,
            "profile_image": ""
        },
        {
            "id": 18,
            "employee_name": "Gloria Little",
            "employee_salary": 237500,
            "employee_age": 59,
            "profile_image": ""
        },
        {
            "id": 19,
            "employee_name": "Bradley Greer",
            "employee_salary": 132000,
            "employee_age": 41,
            "profile_image": ""
        },
        {
            "id": 20,
            "employee_name": "Dai Rios",
            "employee_salary": 217500,
            "employee_age": 35,
            "profile_image": ""
        },
        {
            "id": 21,
            "employee_name": "Jenette Caldwell",
            "employee_salary": 345000,
            "employee_age": 30,
            "profile_image": ""
        },
        {
            "id": 22,
            "employee_name": "Yuri Berry",
            "employee_salary": 675000,
            "employee_age": 40,
            "profile_image": ""
        },
        {
            "id": 23,
            "employee_name": "Caesar Vance",
            "employee_salary": 106450,
            "employee_age": 21,
            "profile_image": ""
        },
        {
            "id": 24,
            "employee_name": "Doris Wilder",
            "employee_salary": 85600,
            "employee_age": 23,
            "profile_image": ""
        }
    ],
    "message": "Successfully! All records has been fetched."
}
Employee count: 24
]]></system-out>
  </testcase>
  <testcase name="testPostEmployee" classname="api.test.EmployeeTest" time="0.894">
    <failure message="expected [200] but found [429]" type="java.lang.AssertionError"><![CDATA[java.lang.AssertionError: expected [200] but found [429]
	at org.testng.Assert.fail(Assert.java:110)
	at org.testng.Assert.failNotEquals(Assert.java:1413)
	at org.testng.Assert.assertEqualsImpl(Assert.java:149)
	at org.testng.Assert.assertEquals(Assert.java:131)
	at org.testng.Assert.assertEquals(Assert.java:1240)
	at org.testng.Assert.assertEquals(Assert.java:1274)
	at api.test.EmployeeTest.testPostEmployee(EmployeeTest.java:76)
	at java.base/jdk.internal.reflect.DirectMethodHandleAccessor.invoke(DirectMethodHandleAccessor.java:103)
	at java.base/java.lang.reflect.Method.invoke(Method.java:580)
	at org.testng.internal.invokers.MethodInvocationHelper.invokeMethod(MethodInvocationHelper.java:139)
	at org.testng.internal.invokers.TestInvoker.invokeMethod(TestInvoker.java:677)
	at org.testng.internal.invokers.TestInvoker.invokeTestMethod(TestInvoker.java:221)
	at org.testng.internal.invokers.MethodRunner.runInSequence(MethodRunner.java:50)
	at org.testng.internal.invokers.TestInvoker$MethodInvocationAgent.invoke(TestInvoker.java:962)
	at org.testng.internal.invokers.TestInvoker.invokeTestMethods(TestInvoker.java:194)
	at org.testng.internal.invokers.TestMethodWorker.invokeTestMethods(TestMethodWorker.java:148)
	at org.testng.internal.invokers.TestMethodWorker.run(TestMethodWorker.java:128)
	at java.base/java.util.ArrayList.forEach(ArrayList.java:1597)
	at org.testng.TestRunner.privateRun(TestRunner.java:806)
	at org.testng.TestRunner.run(TestRunner.java:601)
	at org.testng.SuiteRunner.runTest(SuiteRunner.java:433)
	at org.testng.SuiteRunner.runSequentially(SuiteRunner.java:427)
	at org.testng.SuiteRunner.privateRun(SuiteRunner.java:387)
	at org.testng.SuiteRunner.run(SuiteRunner.java:330)
	at org.testng.SuiteRunnerWorker.runSuite(SuiteRunnerWorker.java:52)
	at org.testng.SuiteRunnerWorker.run(SuiteRunnerWorker.java:95)
	at org.testng.TestNG.runSuitesSequentially(TestNG.java:1256)
	at org.testng.TestNG.runSuitesLocally(TestNG.java:1176)
	at org.testng.TestNG.runSuites(TestNG.java:1099)
	at org.testng.TestNG.run(TestNG.java:1067)
	at org.apache.maven.surefire.testng.TestNGExecutor.run(TestNGExecutor.java:324)
	at org.apache.maven.surefire.testng.TestNGXmlTestSuite.execute(TestNGXmlTestSuite.java:74)
	at org.apache.maven.surefire.testng.TestNGProvider.invoke(TestNGProvider.java:123)
	at org.apache.maven.surefire.booter.ForkedBooter.runSuitesInProcess(ForkedBooter.java:456)
	at org.apache.maven.surefire.booter.ForkedBooter.execute(ForkedBooter.java:169)
	at org.apache.maven.surefire.booter.ForkedBooter.run(ForkedBooter.java:595)
	at org.apache.maven.surefire.booter.ForkedBooter.main(ForkedBooter.java:581)
]]></failure>
    <system-out><![CDATA[HTTP/1.1 429 Too Many Requests
Date: Wed, 03 Jul 2024 09:59:53 GMT
Server: Apache
X-RateLimit-Limit: 60
X-RateLimit-Remaining: 57
Retry-After: 59
X-RateLimit-Reset: 1720000852
Cache-Control: no-cache, private
Upgrade: h2,h2c
Connection: Upgrade
Vary: Accept-Encoding
Content-Encoding: gzip
X-Endurance-Cache-Level: 2
X-nginx-cache: WordPress
Content-Length: 57
Content-Type: application/json

{
    "message": "Too Many Attempts."
}
]]></system-out>
  </testcase>
</testsuite>