<?xml version="1.0" encoding="UTF-8"?>
<!-- Generated by org.testng.reporters.JUnitReportReporter -->
<testsuite hostname="EPINHYDW08AD" failures="0" tests="4" name="api.test.PetTests" time="3.262" errors="0" timestamp="2024-06-27T13:10:04 IST" skipped="3">
  <testcase classname="api.test.PetTests" name="testGetPetByID" time="3.262"/>
  <system-out/>
  <testcase classname="api.test.PetTests" name="testPostPet">
    <skipped/>
  </testcase> <!-- testPostPet -->
  <system-out/>
  <testcase classname="api.test.PetTests" name="testDeleteUserByName">
    <skipped/>
  </testcase> <!-- testDeleteUserByName -->
  <system-out/>
  <testcase classname="api.test.PetTests" name="testUpdateUserByName">
    <skipped/>
  </testcase> <!-- testUpdateUserByName -->
  <system-out/>
</testsuite> <!-- api.test.PetTests -->
