<?xml version="1.0" encoding="UTF-8"?>
<!-- Generated by org.testng.reporters.JUnitReportReporter -->
<testsuite hostname="EPINHYDW08AD" failures="0" tests="1" name="api.test.OpenWeatherMapAPI" time="1.345" errors="0" timestamp="2024-07-03T15:11:30 IST" skipped="0">
  <testcase classname="api.test.OpenWeatherMapAPI" name="testWeatherDetailsOfHyderabad" time="1.345"/>
  <system-out/>
</testsuite> <!-- api.test.OpenWeatherMapAPI -->
