<?xml version="1.0" encoding="UTF-8"?>
<!-- Generated by org.testng.reporters.JUnitReportReporter -->
<testsuite hostname="EPINHYDW08AD" failures="0" tests="5" name="api.test.UserTests" time="26.622" errors="0" timestamp="2024-07-03T21:42:17 IST" skipped="0">
  <testcase classname="api.test.UserTests" name="testPostUser" time="11.285"/>
  <system-out/>
  <testcase classname="api.test.UserTests" name="testGetUserByName" time="6.424"/>
  <system-out/>
  <testcase classname="api.test.UserTests" name="testUpdateUserByName" time="6.060"/>
  <system-out/>
  <testcase classname="api.test.UserTests" name="testDeleteUserByName" time="1.830"/>
  <system-out/>
  <testcase classname="api.test.UserTests" name="testGetUsersTask03" time="1.023"/>
  <system-out/>
</testsuite> <!-- api.test.UserTests -->
