<?xml version="1.0" encoding="UTF-8"?>
<!-- Generated by org.testng.reporters.JUnitReportReporter -->
<testsuite hostname="EPINHYDW08AD" failures="0" tests="5" name="api.test.UserTests" time="7.565" errors="0" timestamp="2024-07-03T15:29:54 IST" skipped="1">
  <testcase classname="api.test.UserTests" name="testPostUser" time="2.709"/>
  <system-out/>
  <testcase classname="api.test.UserTests" name="testGetUserByName" time="1.203"/>
  <system-out/>
  <testcase classname="api.test.UserTests" name="testUpdateUserByName" time="2.455"/>
  <system-out/>
  <testcase classname="api.test.UserTests" name="testDeleteUserByName" time="1.198"/>
  <system-out/>
  <testcase classname="api.test.UserTests" name="testGetUsersTask03">
    <skipped/>
  </testcase> <!-- testGetUsersTask03 -->
  <system-out/>
</testsuite> <!-- api.test.UserTests -->
